[16:54:15] [Server thread/INFO]: Starting minecraft server version 1.15.2
[16:54:15] [Server thread/INFO]: Loading properties
[16:54:15] [Server thread/INFO]: This server is running CraftBukkit version git-Spigot-2f5d615-d07a78b (MC: 1.15.2) (Implementing API version 1.15.2-R0.1-SNAPSHOT)
[16:54:15] [Server thread/INFO]: Debug logging is disabled
[16:54:15] [Server thread/INFO]: Using 4 threads for Netty based IO
[16:54:15] [Server thread/INFO]: Server Ping Player Sample Count: 12
[16:54:15] [Server thread/INFO]: Default game type: SURVIVAL
[16:54:15] [Server thread/INFO]: Generating keypair
[16:54:15] [Server thread/INFO]: Starting Minecraft server on *:25567
[16:54:15] [Server thread/INFO]: Using epoll channel type
[16:54:16] [Server thread/INFO]: [LobbyAPI] Loading LobbyAPI v3.7.104
[16:54:16] [Server thread/INFO]: [PluginConstructorAPI] Loading PluginConstructorAPI v1.0.52
[16:54:16] [Server thread/INFO]: [Multiverse-Core] Loading Multiverse-Core v4.1.1-SNAPSHOT-b782
[16:54:16] [Server thread/INFO]: Preparing level "world"
[16:54:16] [Server thread/INFO]: Reloading ResourceManager: Default, bukkit
[16:54:18] [Server thread/INFO]: Loaded 6 recipes
[16:54:18] [Server thread/INFO]: -------- World Settings For [world] --------
[16:54:18] [Server thread/INFO]: Experience Merge Radius: 3.0
[16:54:18] [Server thread/INFO]: Mob Spawn Range: 6
[16:54:18] [Server thread/INFO]: Cactus Growth Modifier: 100%
[16:54:18] [Server thread/INFO]: Cane Growth Modifier: 100%
[16:54:18] [Server thread/INFO]: Melon Growth Modifier: 100%
[16:54:18] [Server thread/INFO]: Mushroom Growth Modifier: 100%
[16:54:18] [Server thread/INFO]: Pumpkin Growth Modifier: 100%
[16:54:18] [Server thread/INFO]: Sapling Growth Modifier: 100%
[16:54:18] [Server thread/INFO]: Beetroot Growth Modifier: 100%
[16:54:18] [Server thread/INFO]: Carrot Growth Modifier: 100%
[16:54:18] [Server thread/INFO]: Potato Growth Modifier: 100%
[16:54:18] [Server thread/INFO]: Wheat Growth Modifier: 100%
[16:54:18] [Server thread/INFO]: NetherWart Growth Modifier: 100%
[16:54:18] [Server thread/INFO]: Vine Growth Modifier: 100%
[16:54:18] [Server thread/INFO]: Cocoa Growth Modifier: 100%
[16:54:18] [Server thread/INFO]: Bamboo Growth Modifier: 100%
[16:54:18] [Server thread/INFO]: SweetBerry Growth Modifier: 100%
[16:54:18] [Server thread/INFO]: Kelp Growth Modifier: 100%
[16:54:18] [Server thread/INFO]: Entity Activation Range: An 32 / Mo 32 / Ra 48 / Mi 16 / Tiv true
[16:54:18] [Server thread/INFO]: Entity Tracking Range: Pl 48 / An 48 / Mo 48 / Mi 32 / Other 64
[16:54:18] [Server thread/INFO]: Hopper Transfer: 8 Hopper Check: 1 Hopper Amount: 1
[16:54:18] [Server thread/INFO]: Custom Map Seeds:  Village: 10387312 Desert: 14357617 Igloo: 14357618 Jungle: 14357619 Swamp: 14357620 Monument: 10387313 Ocean: 14357621 Shipwreck: 165745295 End City: 10387313 Slime: 987234911
[16:54:18] [Server thread/INFO]: Max TNT Explosions: 100
[16:54:18] [Server thread/INFO]: Tile Max Tick Time: 50ms Entity max Tick Time: 50ms
[16:54:18] [Server thread/INFO]: View Distance: 10
[16:54:18] [Server thread/INFO]: Allow Zombie Pigmen to spawn from portal blocks: true
[16:54:18] [Server thread/INFO]: Item Despawn Rate: 6000
[16:54:18] [Server thread/INFO]: Item Merge Radius: 2.5
[16:54:18] [Server thread/INFO]: Arrow Despawn Rate: 1200 Trident Respawn Rate:1200
[16:54:18] [Server thread/INFO]: Zombie Aggressive Towards Villager: true
[16:54:18] [Server thread/INFO]: Nerfing mobs spawned from spawners: false
[16:54:18] [Server thread/INFO]: -------- World Settings For [world_nether] --------
[16:54:18] [Server thread/INFO]: Experience Merge Radius: 3.0
[16:54:18] [Server thread/INFO]: Mob Spawn Range: 6
[16:54:18] [Server thread/INFO]: Cactus Growth Modifier: 100%
[16:54:18] [Server thread/INFO]: Cane Growth Modifier: 100%
[16:54:18] [Server thread/INFO]: Melon Growth Modifier: 100%
[16:54:18] [Server thread/INFO]: Mushroom Growth Modifier: 100%
[16:54:18] [Server thread/INFO]: Pumpkin Growth Modifier: 100%
[16:54:18] [Server thread/INFO]: Sapling Growth Modifier: 100%
[16:54:18] [Server thread/INFO]: Beetroot Growth Modifier: 100%
[16:54:18] [Server thread/INFO]: Carrot Growth Modifier: 100%
[16:54:18] [Server thread/INFO]: Potato Growth Modifier: 100%
[16:54:18] [Server thread/INFO]: Wheat Growth Modifier: 100%
[16:54:18] [Server thread/INFO]: NetherWart Growth Modifier: 100%
[16:54:18] [Server thread/INFO]: Vine Growth Modifier: 100%
[16:54:18] [Server thread/INFO]: Cocoa Growth Modifier: 100%
[16:54:18] [Server thread/INFO]: Bamboo Growth Modifier: 100%
[16:54:18] [Server thread/INFO]: SweetBerry Growth Modifier: 100%
[16:54:18] [Server thread/INFO]: Kelp Growth Modifier: 100%
[16:54:18] [Server thread/INFO]: Entity Activation Range: An 32 / Mo 32 / Ra 48 / Mi 16 / Tiv true
[16:54:18] [Server thread/INFO]: Entity Tracking Range: Pl 48 / An 48 / Mo 48 / Mi 32 / Other 64
[16:54:18] [Server thread/INFO]: Hopper Transfer: 8 Hopper Check: 1 Hopper Amount: 1
[16:54:18] [Server thread/INFO]: Custom Map Seeds:  Village: 10387312 Desert: 14357617 Igloo: 14357618 Jungle: 14357619 Swamp: 14357620 Monument: 10387313 Ocean: 14357621 Shipwreck: 165745295 End City: 10387313 Slime: 987234911
[16:54:18] [Server thread/INFO]: Max TNT Explosions: 100
[16:54:18] [Server thread/INFO]: Tile Max Tick Time: 50ms Entity max Tick Time: 50ms
[16:54:18] [Server thread/INFO]: View Distance: 10
[16:54:18] [Server thread/INFO]: Allow Zombie Pigmen to spawn from portal blocks: true
[16:54:18] [Server thread/INFO]: Item Despawn Rate: 6000
[16:54:18] [Server thread/INFO]: Item Merge Radius: 2.5
[16:54:18] [Server thread/INFO]: Arrow Despawn Rate: 1200 Trident Respawn Rate:1200
[16:54:18] [Server thread/INFO]: Zombie Aggressive Towards Villager: true
[16:54:18] [Server thread/INFO]: Nerfing mobs spawned from spawners: false
[16:54:18] [Server thread/INFO]: -------- World Settings For [world_the_end] --------
[16:54:18] [Server thread/INFO]: Experience Merge Radius: 3.0
[16:54:18] [Server thread/INFO]: Mob Spawn Range: 6
[16:54:18] [Server thread/INFO]: Cactus Growth Modifier: 100%
[16:54:18] [Server thread/INFO]: Cane Growth Modifier: 100%
[16:54:18] [Server thread/INFO]: Melon Growth Modifier: 100%
[16:54:18] [Server thread/INFO]: Mushroom Growth Modifier: 100%
[16:54:18] [Server thread/INFO]: Pumpkin Growth Modifier: 100%
[16:54:18] [Server thread/INFO]: Sapling Growth Modifier: 100%
[16:54:18] [Server thread/INFO]: Beetroot Growth Modifier: 100%
[16:54:18] [Server thread/INFO]: Carrot Growth Modifier: 100%
[16:54:18] [Server thread/INFO]: Potato Growth Modifier: 100%
[16:54:18] [Server thread/INFO]: Wheat Growth Modifier: 100%
[16:54:18] [Server thread/INFO]: NetherWart Growth Modifier: 100%
[16:54:18] [Server thread/INFO]: Vine Growth Modifier: 100%
[16:54:18] [Server thread/INFO]: Cocoa Growth Modifier: 100%
[16:54:18] [Server thread/INFO]: Bamboo Growth Modifier: 100%
[16:54:18] [Server thread/INFO]: SweetBerry Growth Modifier: 100%
[16:54:18] [Server thread/INFO]: Kelp Growth Modifier: 100%
[16:54:18] [Server thread/INFO]: Entity Activation Range: An 32 / Mo 32 / Ra 48 / Mi 16 / Tiv true
[16:54:18] [Server thread/INFO]: Entity Tracking Range: Pl 48 / An 48 / Mo 48 / Mi 32 / Other 64
[16:54:18] [Server thread/INFO]: Hopper Transfer: 8 Hopper Check: 1 Hopper Amount: 1
[16:54:18] [Server thread/INFO]: Custom Map Seeds:  Village: 10387312 Desert: 14357617 Igloo: 14357618 Jungle: 14357619 Swamp: 14357620 Monument: 10387313 Ocean: 14357621 Shipwreck: 165745295 End City: 10387313 Slime: 987234911
[16:54:18] [Server thread/INFO]: Max TNT Explosions: 100
[16:54:18] [Server thread/INFO]: Tile Max Tick Time: 50ms Entity max Tick Time: 50ms
[16:54:18] [Server thread/INFO]: View Distance: 10
[16:54:18] [Server thread/INFO]: Allow Zombie Pigmen to spawn from portal blocks: true
[16:54:18] [Server thread/INFO]: Item Despawn Rate: 6000
[16:54:18] [Server thread/INFO]: Item Merge Radius: 2.5
[16:54:18] [Server thread/INFO]: Arrow Despawn Rate: 1200 Trident Respawn Rate:1200
[16:54:18] [Server thread/INFO]: Zombie Aggressive Towards Villager: true
[16:54:18] [Server thread/INFO]: Nerfing mobs spawned from spawners: false
[16:54:18] [Server thread/INFO]: Preparing start region for dimension 'world'/minecraft:overworld
[16:54:19] [Server thread/INFO]: Preparing spawn area: 0%
[16:54:19] [Server thread/INFO]: Preparing spawn area: 0%
[16:54:20] [Server-Worker-6/INFO]: Preparing spawn area: 83%
[16:54:20] [Server-Worker-2/INFO]: Preparing spawn area: 83%
[16:54:20] [Server thread/INFO]: Preparing spawn area: 83%
[16:54:21] [Server-Worker-4/INFO]: Preparing spawn area: 85%
[16:54:21] [Server thread/INFO]: Preparing spawn area: 90%
[16:54:22] [Server thread/INFO]: Time elapsed: 3377 ms
[16:54:22] [Server thread/INFO]: Preparing start region for dimension 'world_nether'/minecraft:the_nether
[16:54:22] [Server thread/INFO]: Preparing spawn area: 0%
[16:54:22] [Server-Worker-1/INFO]: Preparing spawn area: 83%
[16:54:23] [Server-Worker-7/INFO]: Preparing spawn area: 85%
[16:54:23] [Server thread/INFO]: Time elapsed: 1354 ms
[16:54:23] [Server thread/INFO]: Preparing start region for dimension 'world_the_end'/minecraft:the_end
[16:54:23] [Server thread/INFO]: Preparing spawn area: 0%
[16:54:24] [Server-Worker-5/INFO]: Preparing spawn area: 90%
[16:54:24] [Server thread/INFO]: Time elapsed: 553 ms
[16:54:24] [Server thread/INFO]: [LobbyAPI] Enabling LobbyAPI v3.7.104
[16:54:24] [Server thread/INFO]: [LobbyAPI]Bungee For LobbyAPI is disabled
[16:54:24] [Server thread/INFO]: [PluginConstructorAPI] Enabling PluginConstructorAPI v1.0.52
[16:54:24] [Server thread/INFO]: [Multiverse-Core] Enabling Multiverse-Core v4.1.1-SNAPSHOT-b782
[16:54:24] [Server thread/WARN]: [Multiverse-Core] "Multiverse-Core v4.1.1-SNAPSHOT-b782" has registered a listener for org.bukkit.event.entity.EntityCreatePortalEvent on method "public void com.onarandombox.MultiverseCore.listeners.MVPortalListener.entityPortalCreate(org.bukkit.event.entity.EntityCreatePortalEvent)", but the event is Deprecated. "Server performance will be affected"; please notify the authors [Rigby, fernferret, lithium3141, main--, dumptruckman].
[16:54:24] [Server thread/INFO]: [Multiverse-Core] We are aware of the warning about the deprecated event. There is no alternative that allows us to do what we need to do. The performance impact is negligible.
[16:54:24] [Server thread/INFO]: [Multiverse-Core] 3 - World(s) loaded.
[16:54:24] [Server thread/WARN]: Warning: Nashorn engine is planned to be removed from a future JDK release
[16:54:24] [Server thread/INFO]: [Multiverse-Core] Version 4.1.1-SNAPSHOT-b782 (API v24) Enabled - By Rigby, fernferret, lithium3141, main-- and dumptruckman
[16:54:24] [Server thread/INFO]: Server permissions file permissions.yml is empty, ignoring it
[16:54:24] [Server thread/INFO]: Done (8.836s)! For help, type "help"
